cl : command line warning D9035: option 'Gm' has been deprecated and will be removed in a future release
  GSOption.cpp
F:\Work\TranDan\Gameloft\Programming_lesson_06\TrainingFramework\src\GameStates\GSOption.cpp(27,60): warning C4244: 'argument': conversion from 'int' to 'GLfloat', possible loss of data
F:\Work\TranDan\Gameloft\Programming_lesson_06\TrainingFramework\src\GameStates\GSOption.cpp(27,42): warning C4244: 'argument': conversion from 'int' to 'GLfloat', possible loss of data
F:\Work\TranDan\Gameloft\Programming_lesson_06\TrainingFramework\src\GameStates\GSOption.cpp(33,36): warning C4244: 'argument': conversion from 'int' to 'GLfloat', possible loss of data
F:\Work\TranDan\Gameloft\Programming_lesson_06\TrainingFramework\src\GameStates\GSOption.cpp(44,36): warning C4244: 'argument': conversion from 'int' to 'GLfloat', possible loss of data
F:\Work\TranDan\Gameloft\Programming_lesson_06\TrainingFramework\src\GameStates\GSOption.cpp(56,59): warning C4244: 'argument': conversion from 'int' to 'GLfloat', possible loss of data
F:\Work\TranDan\Gameloft\Programming_lesson_06\TrainingFramework\src\GameStates\GSOption.cpp(59,60): warning C4244: 'argument': conversion from 'int' to 'GLfloat', possible loss of data
F:\Work\TranDan\Gameloft\Programming_lesson_06\TrainingFramework\src\GameStates\GSOption.cpp(62,53): warning C4244: 'argument': conversion from 'int' to 'GLfloat', possible loss of data
C:\Program Files (x86)\Microsoft Visual Studio\2019\Community\VC\Tools\MSVC\14.27.29110\include\xmemory(230,33): warning C4244: 'argument': conversion from '_Ty' to 'float', possible loss of data
          with
          [
              _Ty=int
          ]
C:\Program Files (x86)\Microsoft Visual Studio\2019\Community\VC\Tools\MSVC\14.27.29110\include\memory(1428): message : see reference to function template instantiation 'void std::_Construct_in_place<_Ty,std::shared_ptr<Shaders>&,std::shared_ptr<Font>&,const char(&)[7],TEXT_COLOR,int>(_Ty &,std::shared_ptr<Shaders> &,std::shared_ptr<Font> &,const char (&)[7],TEXT_COLOR &&,int &&) noexcept(false)' being compiled
          with
          [
              _Ty=Text
          ]
C:\Program Files (x86)\Microsoft Visual Studio\2019\Community\VC\Tools\MSVC\14.27.29110\include\memory(2072): message : see reference to function template instantiation 'std::_Ref_count_obj2<_Ty>::_Ref_count_obj2<std::shared_ptr<Shaders>&,std::shared_ptr<Font>&,const char(&)[7],TEXT_COLOR,int>(std::shared_ptr<Shaders> &,std::shared_ptr<Font> &,const char (&)[7],TEXT_COLOR &&,int &&)' being compiled
          with
          [
              _Ty=Text
          ]
C:\Program Files (x86)\Microsoft Visual Studio\2019\Community\VC\Tools\MSVC\14.27.29110\include\memory(2072): message : see reference to function template instantiation 'std::_Ref_count_obj2<_Ty>::_Ref_count_obj2<std::shared_ptr<Shaders>&,std::shared_ptr<Font>&,const char(&)[7],TEXT_COLOR,int>(std::shared_ptr<Shaders> &,std::shared_ptr<Font> &,const char (&)[7],TEXT_COLOR &&,int &&)' being compiled
          with
          [
              _Ty=Text
          ]
F:\Work\TranDan\Gameloft\Programming_lesson_06\TrainingFramework\src\GameStates\GSOption.cpp(55): message : see reference to function template instantiation 'std::shared_ptr<Text> std::make_shared<Text,std::shared_ptr<Shaders>&,std::shared_ptr<Font>&,const char(&)[7],TEXT_COLOR,int>(std::shared_ptr<Shaders> &,std::shared_ptr<Font> &,const char (&)[7],TEXT_COLOR &&,int &&)' being compiled
C:\Program Files (x86)\Microsoft Visual Studio\2019\Community\VC\Tools\MSVC\14.27.29110\include\xmemory(230,33): warning C4244: 'argument': conversion from '_Ty' to 'float', possible loss of data
          with
          [
              _Ty=double
          ]
C:\Program Files (x86)\Microsoft Visual Studio\2019\Community\VC\Tools\MSVC\14.27.29110\include\memory(1428): message : see reference to function template instantiation 'void std::_Construct_in_place<_Ty,std::shared_ptr<Shaders>&,std::shared_ptr<Font>&,const char(&)[6],TEXT_COLOR,double>(_Ty &,std::shared_ptr<Shaders> &,std::shared_ptr<Font> &,const char (&)[6],TEXT_COLOR &&,double &&) noexcept(false)' being compiled
          with
          [
              _Ty=Text
          ]
C:\Program Files (x86)\Microsoft Visual Studio\2019\Community\VC\Tools\MSVC\14.27.29110\include\memory(2072): message : see reference to function template instantiation 'std::_Ref_count_obj2<_Ty>::_Ref_count_obj2<std::shared_ptr<Shaders>&,std::shared_ptr<Font>&,const char(&)[6],TEXT_COLOR,double>(std::shared_ptr<Shaders> &,std::shared_ptr<Font> &,const char (&)[6],TEXT_COLOR &&,double &&)' being compiled
          with
          [
              _Ty=Text
          ]
C:\Program Files (x86)\Microsoft Visual Studio\2019\Community\VC\Tools\MSVC\14.27.29110\include\memory(2072): message : see reference to function template instantiation 'std::_Ref_count_obj2<_Ty>::_Ref_count_obj2<std::shared_ptr<Shaders>&,std::shared_ptr<Font>&,const char(&)[6],TEXT_COLOR,double>(std::shared_ptr<Shaders> &,std::shared_ptr<Font> &,const char (&)[6],TEXT_COLOR &&,double &&)' being compiled
          with
          [
              _Ty=Text
          ]
F:\Work\TranDan\Gameloft\Programming_lesson_06\TrainingFramework\src\GameStates\GSOption.cpp(58): message : see reference to function template instantiation 'std::shared_ptr<Text> std::make_shared<Text,std::shared_ptr<Shaders>&,std::shared_ptr<Font>&,const char(&)[6],TEXT_COLOR,double>(std::shared_ptr<Shaders> &,std::shared_ptr<Font> &,const char (&)[6],TEXT_COLOR &&,double &&)' being compiled
  TrainingFramework.vcxproj -> F:\Work\TranDan\Gameloft\Programming_lesson_06\\BIN-Nvidia\TrainingFramework.exe
